(index):150 Loading the font 'https://r2cdn.perplexity.ai/fonts/FKGroteskNeue.woff2' violates the following Content Security Policy directive: "font-src 'self' https://fonts.gstatic.com". The action has been blocked.
turbopack-d515642068ef519c.js?dpl=dpl_Cai1UcwfjUUcvpamLjfd92EiYjPp:9 Loading the script 'https://vercel.live/_next-live/feedback/feedback.js' violates the following Content Security Policy directive: "script-src 'self' 'unsafe-inline' 'unsafe-eval' https://www.googletagmanager.com https://www.google-analytics.com https://va.vercel-scripts.com https://pagead2.googlesyndication.com https://faves.grow.me https://*.grow.me https://cdn.id5-sync.com https://*.id5-sync.com". Note that 'script-src-elem' was not explicitly set, so 'script-src' is used as a fallback. The action has been blocked.
(anonymous) @ turbopack-d515642068ef519c.js?dpl=dpl_Cai1UcwfjUUcvpamLjfd92EiYjPp:9
some.growplow.events/com.snowplowanalytics.snowplow/tp2:1  Failed to load resource: net::ERR_BLOCKED_BY_CLIENT
some.growplow.events/com.snowplowanalytics.snowplow/tp2:1  Failed to load resource: net::ERR_BLOCKED_BY_CLIENT
uid2SdkLoader-B_zmg2gY.js:3 Loading the script 'https://cdn.prod.uidapi.com/uid2-sdk-4.0.1.js' violates the following Content Security Policy directive: "script-src 'self' 'unsafe-inline' 'unsafe-eval' https://www.googletagmanager.com https://www.google-analytics.com https://va.vercel-scripts.com https://pagead2.googlesyndication.com https://faves.grow.me https://*.grow.me https://cdn.id5-sync.com https://*.id5-sync.com". Note that 'script-src-elem' was not explicitly set, so 'script-src' is used as a fallback. The action has been blocked.
_ @ uid2SdkLoader-B_zmg2gY.js:3
uid2SdkLoader-B_zmg2gY.js:2 Uncaught (in promise) Error: UID2 SDK failed to load after 1 attempt(s):
  Attempt 1: https://cdn.prod.uidapi.com/uid2-sdk-4.0.1.js - error at 2026-02-05T13:34:54.233Z
    at f (uid2SdkLoader-B_zmg2gY.js:2:11)
    at uid2SdkLoader-B_zmg2gY.js:3:736
    at o.onerror (uid2SdkLoader-B_zmg2gY.js:3:437)
o4510605822394368.ingest.us.sentry.io/api/4510605823246336/envelope/?sentry_version=7&sentry_key=6c97a22cc0a22bf546df09e9051202f6&sentry_client=sentry.javascript.nextjs%2F10.32.1:1  Failed to load resource: the server responded with a status of 429 ()
The resource <URL> was preloaded using link preload but not used within a few seconds from the window's load event. Please make sure it has an appropriate `as` value and it is preloaded intentionally.
The resource <URL> was preloaded using link preload but not used within a few seconds from the window's load event. Please make sure it has an appropriate `as` value and it is preloaded intentionally.
The resource <URL> was preloaded using link preload but not used within a few seconds from the window's load event. Please make sure it has an appropriate `as` value and it is preloaded intentionally.
The resource <URL> was preloaded using link preload but not used within a few seconds from the window's load event. Please make sure it has an appropriate `as` value and it is preloaded intentionally.
The resource <URL> was preloaded using link preload but not used within a few seconds from the window's load event. Please make sure it has an appropriate `as` value and it is preloaded intentionally.
The resource <URL> was preloaded using link preload but not used within a few seconds from the window's load event. Please make sure it has an appropriate `as` value and it is preloaded intentionally.
The resource <URL> was preloaded using link preload but not used within a few seconds from the window's load event. Please make sure it has an appropriate `as` value and it is preloaded intentionally.
The resource <URL> was preloaded using link preload but not used within a few seconds from the window's load event. Please make sure it has an appropriate `as` value and it is preloaded intentionally.
The resource <URL> was preloaded using link preload but not used within a few seconds from the window's load event. Please make sure it has an appropriate `as` value and it is preloaded intentionally.
The resource <URL> was preloaded using link preload but not used within a few seconds from the window's load event. Please make sure it has an appropriate `as` value and it is preloaded intentionally.
The resource <URL> was preloaded using link preload but not used within a few seconds from the window's load event. Please make sure it has an appropriate `as` value and it is preloaded intentionally.
The resource <URL> was preloaded using link preload but not used within a few seconds from the window's load event. Please make sure it has an appropriate `as` value and it is preloaded intentionally.
The resource <URL> was preloaded using link preload but not used within a few seconds from the window's load event. Please make sure it has an appropriate `as` value and it is preloaded intentionally.
The resource <URL> was preloaded using link preload but not used within a few seconds from the window's load event. Please make sure it has an appropriate `as` value and it is preloaded intentionally.
The resource <URL> was preloaded using link preload but not used within a few seconds from the window's load event. Please make sure it has an appropriate `as` value and it is preloaded intentionally.
The resource <URL> was preloaded using link preload but not used within a few seconds from the window's load event. Please make sure it has an appropriate `as` value and it is preloaded intentionally.
(index):1 The resource https://images.thdstatic.com/productImages/22a80ae0-8d48-43d2-a396-a8a03c84d940/svn/green-vigoro-plastic-edging-97301-64_1000.jpg was preloaded using link preload but not used within a few seconds from the window's load event. Please make sure it has an appropriate `as` value and it is preloaded intentionally.
(index):1 The resource https://images.thdstatic.com/productImages/a5741b26-1ec5-4dbb-89de-14761cebb26e/svn/spot-resist-brushed-nickel-moen-towel-bars-y2618bn-64_600.jpg was preloaded using link preload but not used within a few seconds from the window's load event. Please make sure it has an appropriate `as` value and it is preloaded intentionally.
(index):1 The resource https://images.thdstatic.com/productImages/a751cdce-37a0-4932-8e29-2a2e44ad0ee5/svn/black-hampton-bay-spotlights-lvp2s1-06w3c-05-64_1000.jpg was preloaded using link preload but not used within a few seconds from the window's load event. Please make sure it has an appropriate `as` value and it is preloaded intentionally.
(index):1 The resource https://images.thdstatic.com/productImages/30200e3c-a146-4ee6-b7dc-8c56e776929a/svn/black-milwaukee-slatwall-panels-48-22-8480-64_1000.jpg was preloaded using link preload but not used within a few seconds from the window's load event. Please make sure it has an appropriate `as` value and it is preloaded intentionally.
(index):1 The resource https://images.thdstatic.com/productImages/84ada7b4-91ab-4eff-a242-63d861cb0aac/svn/black-home-decorators-collection-path-lights-924041-001-os-64_1000.jpg was preloaded using link preload but not used within a few seconds from the window's load event. Please make sure it has an appropriate `as` value and it is preloaded intentionally.
(index):1 The resource https://images.thdstatic.com/productImages/8756da0d-a8ad-4626-89dd-047dafcbf690/svn/rattan-hampton-bay-outdoor-pendant-lights-99100-64_1000.jpg was preloaded using link preload but not used within a few seconds from the window's load event. Please make sure it has an appropriate `as` value and it is preloaded intentionally.
(index):1 The resource https://images.thdstatic.com/productImages/d351938a-125b-417e-8ba4-526af21074fe/svn/matte-black-and-brushed-nickel-dsi-lighting-chandeliers-dshd36550a1-64_600.jpg was preloaded using link preload but not used within a few seconds from the window's load event. Please make sure it has an appropriate `as` value and it is preloaded intentionally.
(index):1 The resource https://images.thdstatic.com/productImages/78aca935-8b12-4b75-8a40-af3f60b7de13/svn/natural-vigoro-garden-fencing-4477413-64_1000.jpg was preloaded using link preload but not used within a few seconds from the window's load event. Please make sure it has an appropriate `as` value and it is preloaded intentionally.
(index):1 The resource https://images.thdstatic.com/productImages/22a80ae0-8d48-43d2-a396-a8a03c84d940/svn/green-vigoro-plastic-edging-97301-64_1000.jpg was preloaded using link preload but not used within a few seconds from the window's load event. Please make sure it has an appropriate `as` value and it is preloaded intentionally.
(index):1 The resource https://images.thdstatic.com/productImages/a5741b26-1ec5-4dbb-89de-14761cebb26e/svn/spot-resist-brushed-nickel-moen-towel-bars-y2618bn-64_600.jpg was preloaded using link preload but not used within a few seconds from the window's load event. Please make sure it has an appropriate `as` value and it is preloaded intentionally.
(index):1 The resource https://images.thdstatic.com/productImages/a751cdce-37a0-4932-8e29-2a2e44ad0ee5/svn/black-hampton-bay-spotlights-lvp2s1-06w3c-05-64_1000.jpg was preloaded using link preload but not used within a few seconds from the window's load event. Please make sure it has an appropriate `as` value and it is preloaded intentionally.
(index):1 The resource https://images.thdstatic.com/productImages/30200e3c-a146-4ee6-b7dc-8c56e776929a/svn/black-milwaukee-slatwall-panels-48-22-8480-64_1000.jpg was preloaded using link preload but not used within a few seconds from the window's load event. Please make sure it has an appropriate `as` value and it is preloaded intentionally.
(index):1 The resource https://images.thdstatic.com/productImages/84ada7b4-91ab-4eff-a242-63d861cb0aac/svn/black-home-decorators-collection-path-lights-924041-001-os-64_1000.jpg was preloaded using link preload but not used within a few seconds from the window's load event. Please make sure it has an appropriate `as` value and it is preloaded intentionally.
(index):1 The resource https://images.thdstatic.com/productImages/8756da0d-a8ad-4626-89dd-047dafcbf690/svn/rattan-hampton-bay-outdoor-pendant-lights-99100-64_1000.jpg was preloaded using link preload but not used within a few seconds from the window's load event. Please make sure it has an appropriate `as` value and it is preloaded intentionally.
(index):1 The resource https://images.thdstatic.com/productImages/d351938a-125b-417e-8ba4-526af21074fe/svn/matte-black-and-brushed-nickel-dsi-lighting-chandeliers-dshd36550a1-64_600.jpg was preloaded using link preload but not used within a few seconds from the window's load event. Please make sure it has an appropriate `as` value and it is preloaded intentionally.
(index):1 The resource https://images.thdstatic.com/productImages/78aca935-8b12-4b75-8a40-af3f60b7de13/svn/natural-vigoro-garden-fencing-4477413-64_1000.jpg was preloaded using link preload but not used within a few seconds from the window's load event. Please make sure it has an appropriate `as` value and it is preloaded intentionally.
content.js:1 Disconnected from polkadot{.js}-0x6e10e163a1550e8d-content
